// 重构日志: 88c84f73
// 同步 ID: d9869ef8 @ Thu Jun 11 19:48:53 UTC 2026
// 同步 ID: 2d467c37 @ Sat Jun 13 02:44:22 UTC 2026
// 同步 ID: f3effa39 @ Sat Jun 13 06:40:56 UTC 2026
// 重构日志: 87e7ba67
// 重构日志: db8aeb85
// 同步 ID: 51f9b22e @ Fri Jun 19 17:25:37 UTC 2026
// 重构日志: fa395f93
// 重构日志: 82cad409
// 重构日志: 77ec7375
// 重构日志: 0d522c7d
// 同步 ID: f4509ba0 @ Thu Jun 25 02:00:35 UTC 2026
// 重构日志: bbf1b3b3
// 重构日志: f0e48767
// 重构日志: f18cdc23
// 重构日志: b289d447
// 同步 ID: c64be433 @ Sat Jun 27 02:21:44 UTC 2026
// 重构日志: 1d4b271c
// 同步 ID: fa4e02c8 @ Sat Jun 27 08:28:52 UTC 2026
// 同步 ID: 9b1c046c @ Sat Jun 27 12:31:52 UTC 2026
// 同步 ID: 843739fc @ Sun Jun 28 07:29:35 UTC 2026
// 同步 ID: 93979909 @ Mon Jun 29 02:48:22 UTC 2026
// 重构日志: 823a2d09
// 重构日志: 3bfb16a3
// 重构日志: 9aa3eeed
// 重构日志: 16c23bca
// 重构日志: 26baf5d0
// 重构日志: e7b48fb2
// 同步 ID: 4e8fae78 @ Thu Jul  2 09:12:39 UTC 2026
// 同步 ID: 0adf5be3 @ Sun Jul  5 00:20:27 UTC 2026
// 重构日志: 7f2beb0b
// 重构日志: 92ce616a
// 重构日志: 479a7c2b
